[INFO 2018-07-03 22:17:09,263 PID:65938 /usr/local/lib/python3.5/dist-packages/mms/metric.py:start_recording:216 Metric CPUUtilization for last 60 seconds is 10.508333
[INFO 2018-07-03 22:17:09,265 PID:65938 /usr/local/lib/python3.5/dist-packages/mms/metric.py:start_recording:216 Metric MemoryUsed for last 60 seconds is 2121.688151
[INFO 2018-07-03 22:17:09,268 PID:65938 /usr/local/lib/python3.5/dist-packages/mms/metric.py:start_recording:216 Metric DiskUsed for last 60 seconds is 16.986145
[INFO 2018-07-03 22:17:09,269 PID:65938 /usr/local/lib/python3.5/dist-packages/mms/metric.py:start_recording:216 Metric MemoryAvailable for last 60 seconds is 733851.000000
[INFO 2018-07-03 22:17:09,270 PID:65938 /usr/local/lib/python3.5/dist-packages/mms/metric.py:start_recording:216 Metric MemoryUtilization for last 60 seconds is 0.533333
[INFO 2018-07-03 22:17:09,271 PID:65938 /usr/local/lib/python3.5/dist-packages/mms/metric.py:start_recording:216 Metric DiskAvailable for last 60 seconds is 31.405556
[INFO 2018-07-03 22:17:09,275 PID:65938 /usr/local/lib/python3.5/dist-packages/mms/metric.py:start_recording:216 Metric DiskUtilization for last 60 seconds is 35.100000
[INFO 2018-07-03 22:18:09,263 PID:65938 /usr/local/lib/python3.5/dist-packages/mms/metric.py:start_recording:216 Metric CPUUtilization for last 60 seconds is 0.000000
[INFO 2018-07-03 22:18:09,266 PID:65938 /usr/local/lib/python3.5/dist-packages/mms/metric.py:start_recording:216 Metric MemoryUsed for last 60 seconds is 2023.055990
[INFO 2018-07-03 22:18:09,269 PID:65938 /usr/local/lib/python3.5/dist-packages/mms/metric.py:start_recording:216 Metric DiskUsed for last 60 seconds is 16.986149
[INFO 2018-07-03 22:18:09,269 PID:65938 /usr/local/lib/python3.5/dist-packages/mms/metric.py:start_recording:216 Metric MemoryAvailable for last 60 seconds is 733949.632812
[INFO 2018-07-03 22:18:09,270 PID:65938 /usr/local/lib/python3.5/dist-packages/mms/metric.py:start_recording:216 Metric MemoryUtilization for last 60 seconds is 0.500000
[INFO 2018-07-03 22:18:09,271 PID:65938 /usr/local/lib/python3.5/dist-packages/mms/metric.py:start_recording:216 Metric DiskAvailable for last 60 seconds is 31.405552
[INFO 2018-07-03 22:18:09,275 PID:65938 /usr/local/lib/python3.5/dist-packages/mms/metric.py:start_recording:216 Metric DiskUtilization for last 60 seconds is 35.100000
[INFO 2018-07-03 22:19:09,264 PID:65938 /usr/local/lib/python3.5/dist-packages/mms/metric.py:start_recording:216 Metric CPUUtilization for last 60 seconds is 0.000000
[INFO 2018-07-03 22:19:09,266 PID:65938 /usr/local/lib/python3.5/dist-packages/mms/metric.py:start_recording:216 Metric MemoryUsed for last 60 seconds is 2023.235026
[INFO 2018-07-03 22:19:09,269 PID:65938 /usr/local/lib/python3.5/dist-packages/mms/metric.py:start_recording:216 Metric DiskUsed for last 60 seconds is 16.986149
[INFO 2018-07-03 22:19:09,270 PID:65938 /usr/local/lib/python3.5/dist-packages/mms/metric.py:start_recording:216 Metric MemoryAvailable for last 60 seconds is 733949.453125
[INFO 2018-07-03 22:19:09,271 PID:65938 /usr/local/lib/python3.5/dist-packages/mms/metric.py:start_recording:216 Metric MemoryUtilization for last 60 seconds is 0.500000
[INFO 2018-07-03 22:19:09,272 PID:65938 /usr/local/lib/python3.5/dist-packages/mms/metric.py:start_recording:216 Metric DiskAvailable for last 60 seconds is 31.405552
[INFO 2018-07-03 22:19:09,276 PID:65938 /usr/local/lib/python3.5/dist-packages/mms/metric.py:start_recording:216 Metric DiskUtilization for last 60 seconds is 35.100000
[INFO 2018-07-03 22:20:09,265 PID:65938 /usr/local/lib/python3.5/dist-packages/mms/metric.py:start_recording:216 Metric CPUUtilization for last 60 seconds is 0.000000
[INFO 2018-07-03 22:20:09,267 PID:65938 /usr/local/lib/python3.5/dist-packages/mms/metric.py:start_recording:216 Metric MemoryUsed for last 60 seconds is 2021.935547
[INFO 2018-07-03 22:20:09,270 PID:65938 /usr/local/lib/python3.5/dist-packages/mms/metric.py:start_recording:216 Metric DiskUsed for last 60 seconds is 16.986149
[INFO 2018-07-03 22:20:09,270 PID:65938 /usr/local/lib/python3.5/dist-packages/mms/metric.py:start_recording:216 Metric MemoryAvailable for last 60 seconds is 733950.754232
[INFO 2018-07-03 22:20:09,271 PID:65938 /usr/local/lib/python3.5/dist-packages/mms/metric.py:start_recording:216 Metric MemoryUtilization for last 60 seconds is 0.500000
[INFO 2018-07-03 22:20:09,272 PID:65938 /usr/local/lib/python3.5/dist-packages/mms/metric.py:start_recording:216 Metric DiskAvailable for last 60 seconds is 31.405552
[INFO 2018-07-03 22:20:09,276 PID:65938 /usr/local/lib/python3.5/dist-packages/mms/metric.py:start_recording:216 Metric DiskUtilization for last 60 seconds is 35.100000
[INFO 2018-07-03 22:21:09,265 PID:65938 /usr/local/lib/python3.5/dist-packages/mms/metric.py:start_recording:216 Metric CPUUtilization for last 60 seconds is 0.000000
[INFO 2018-07-03 22:21:09,267 PID:65938 /usr/local/lib/python3.5/dist-packages/mms/metric.py:start_recording:216 Metric MemoryUsed for last 60 seconds is 2021.803711
[INFO 2018-07-03 22:21:09,270 PID:65938 /usr/local/lib/python3.5/dist-packages/mms/metric.py:start_recording:216 Metric DiskUsed for last 60 seconds is 16.986153
[INFO 2018-07-03 22:21:09,271 PID:65938 /usr/local/lib/python3.5/dist-packages/mms/metric.py:start_recording:216 Metric MemoryAvailable for last 60 seconds is 733950.877604
[INFO 2018-07-03 22:21:09,272 PID:65938 /usr/local/lib/python3.5/dist-packages/mms/metric.py:start_recording:216 Metric MemoryUtilization for last 60 seconds is 0.500000
[INFO 2018-07-03 22:21:09,273 PID:65938 /usr/local/lib/python3.5/dist-packages/mms/metric.py:start_recording:216 Metric DiskAvailable for last 60 seconds is 31.405548
[INFO 2018-07-03 22:21:09,277 PID:65938 /usr/local/lib/python3.5/dist-packages/mms/metric.py:start_recording:216 Metric DiskUtilization for last 60 seconds is 35.100000
[INFO 2018-07-03 22:22:09,266 PID:65938 /usr/local/lib/python3.5/dist-packages/mms/metric.py:start_recording:216 Metric CPUUtilization for last 60 seconds is 0.000000
[INFO 2018-07-03 22:22:09,268 PID:65938 /usr/local/lib/python3.5/dist-packages/mms/metric.py:start_recording:216 Metric MemoryUsed for last 60 seconds is 2021.618815
[INFO 2018-07-03 22:22:09,270 PID:65938 /usr/local/lib/python3.5/dist-packages/mms/metric.py:start_recording:216 Metric DiskUsed for last 60 seconds is 16.986153
[INFO 2018-07-03 22:22:09,271 PID:65938 /usr/local/lib/python3.5/dist-packages/mms/metric.py:start_recording:216 Metric MemoryAvailable for last 60 seconds is 733951.054036
[INFO 2018-07-03 22:22:09,272 PID:65938 /usr/local/lib/python3.5/dist-packages/mms/metric.py:start_recording:216 Metric MemoryUtilization for last 60 seconds is 0.500000
[INFO 2018-07-03 22:22:09,273 PID:65938 /usr/local/lib/python3.5/dist-packages/mms/metric.py:start_recording:216 Metric DiskAvailable for last 60 seconds is 31.405548
[INFO 2018-07-03 22:22:09,277 PID:65938 /usr/local/lib/python3.5/dist-packages/mms/metric.py:start_recording:216 Metric DiskUtilization for last 60 seconds is 35.100000
[INFO 2018-07-03 22:23:09,266 PID:65938 /usr/local/lib/python3.5/dist-packages/mms/metric.py:start_recording:216 Metric CPUUtilization for last 60 seconds is 0.000000
[INFO 2018-07-03 22:23:09,268 PID:65938 /usr/local/lib/python3.5/dist-packages/mms/metric.py:start_recording:216 Metric MemoryUsed for last 60 seconds is 2021.457031
[INFO 2018-07-03 22:23:09,271 PID:65938 /usr/local/lib/python3.5/dist-packages/mms/metric.py:start_recording:216 Metric DiskUsed for last 60 seconds is 16.986153
[INFO 2018-07-03 22:23:09,272 PID:65938 /usr/local/lib/python3.5/dist-packages/mms/metric.py:start_recording:216 Metric MemoryAvailable for last 60 seconds is 733951.218750
[INFO 2018-07-03 22:23:09,273 PID:65938 /usr/local/lib/python3.5/dist-packages/mms/metric.py:start_recording:216 Metric MemoryUtilization for last 60 seconds is 0.500000
[INFO 2018-07-03 22:23:09,274 PID:65938 /usr/local/lib/python3.5/dist-packages/mms/metric.py:start_recording:216 Metric DiskAvailable for last 60 seconds is 31.405548
[INFO 2018-07-03 22:23:09,278 PID:65938 /usr/local/lib/python3.5/dist-packages/mms/metric.py:start_recording:216 Metric DiskUtilization for last 60 seconds is 35.100000
[INFO 2018-07-03 22:24:09,267 PID:65938 /usr/local/lib/python3.5/dist-packages/mms/metric.py:start_recording:216 Metric CPUUtilization for last 60 seconds is 0.000000
[INFO 2018-07-03 22:24:09,269 PID:65938 /usr/local/lib/python3.5/dist-packages/mms/metric.py:start_recording:216 Metric MemoryUsed for last 60 seconds is 2021.437826
[INFO 2018-07-03 22:24:09,271 PID:65938 /usr/local/lib/python3.5/dist-packages/mms/metric.py:start_recording:216 Metric DiskUsed for last 60 seconds is 16.986156
[INFO 2018-07-03 22:24:09,272 PID:65938 /usr/local/lib/python3.5/dist-packages/mms/metric.py:start_recording:216 Metric MemoryAvailable for last 60 seconds is 733951.237630
[INFO 2018-07-03 22:24:09,273 PID:65938 /usr/local/lib/python3.5/dist-packages/mms/metric.py:start_recording:216 Metric MemoryUtilization for last 60 seconds is 0.500000
[INFO 2018-07-03 22:24:09,274 PID:65938 /usr/local/lib/python3.5/dist-packages/mms/metric.py:start_recording:216 Metric DiskAvailable for last 60 seconds is 31.405544
[INFO 2018-07-03 22:24:09,278 PID:65938 /usr/local/lib/python3.5/dist-packages/mms/metric.py:start_recording:216 Metric DiskUtilization for last 60 seconds is 35.100000
[INFO 2018-07-03 22:25:09,267 PID:65938 /usr/local/lib/python3.5/dist-packages/mms/metric.py:start_recording:216 Metric CPUUtilization for last 60 seconds is 0.000000
[INFO 2018-07-03 22:25:09,269 PID:65938 /usr/local/lib/python3.5/dist-packages/mms/metric.py:start_recording:216 Metric MemoryUsed for last 60 seconds is 2022.433919
[INFO 2018-07-03 22:25:09,272 PID:65938 /usr/local/lib/python3.5/dist-packages/mms/metric.py:start_recording:216 Metric DiskUsed for last 60 seconds is 16.986156
[INFO 2018-07-03 22:25:09,273 PID:65938 /usr/local/lib/python3.5/dist-packages/mms/metric.py:start_recording:216 Metric MemoryAvailable for last 60 seconds is 733950.240560
[INFO 2018-07-03 22:25:09,274 PID:65938 /usr/local/lib/python3.5/dist-packages/mms/metric.py:start_recording:216 Metric MemoryUtilization for last 60 seconds is 0.500000
[INFO 2018-07-03 22:25:09,274 PID:65938 /usr/local/lib/python3.5/dist-packages/mms/metric.py:start_recording:216 Metric DiskAvailable for last 60 seconds is 31.405544
[INFO 2018-07-03 22:25:09,279 PID:65938 /usr/local/lib/python3.5/dist-packages/mms/metric.py:start_recording:216 Metric DiskUtilization for last 60 seconds is 35.100000
[INFO 2018-07-03 22:26:09,268 PID:65938 /usr/local/lib/python3.5/dist-packages/mms/metric.py:start_recording:216 Metric CPUUtilization for last 60 seconds is 0.000000
[INFO 2018-07-03 22:26:09,269 PID:65938 /usr/local/lib/python3.5/dist-packages/mms/metric.py:start_recording:216 Metric MemoryUsed for last 60 seconds is 2023.157227
[INFO 2018-07-03 22:26:09,272 PID:65938 /usr/local/lib/python3.5/dist-packages/mms/metric.py:start_recording:216 Metric DiskUsed for last 60 seconds is 16.986156
[INFO 2018-07-03 22:26:09,273 PID:65938 /usr/local/lib/python3.5/dist-packages/mms/metric.py:start_recording:216 Metric MemoryAvailable for last 60 seconds is 733949.600586
[INFO 2018-07-03 22:26:09,274 PID:65938 /usr/local/lib/python3.5/dist-packages/mms/metric.py:start_recording:216 Metric MemoryUtilization for last 60 seconds is 0.500000
[INFO 2018-07-03 22:26:09,275 PID:65938 /usr/local/lib/python3.5/dist-packages/mms/metric.py:start_recording:216 Metric DiskAvailable for last 60 seconds is 31.405544
[INFO 2018-07-03 22:26:09,279 PID:65938 /usr/local/lib/python3.5/dist-packages/mms/metric.py:start_recording:216 Metric DiskUtilization for last 60 seconds is 35.100000
[INFO 2018-07-03 22:27:09,268 PID:65938 /usr/local/lib/python3.5/dist-packages/mms/metric.py:start_recording:216 Metric CPUUtilization for last 60 seconds is 0.000000
[INFO 2018-07-03 22:27:09,270 PID:65938 /usr/local/lib/python3.5/dist-packages/mms/metric.py:start_recording:216 Metric MemoryUsed for last 60 seconds is 2022.751628
[INFO 2018-07-03 22:27:09,273 PID:65938 /usr/local/lib/python3.5/dist-packages/mms/metric.py:start_recording:216 Metric DiskUsed for last 60 seconds is 16.986156
[INFO 2018-07-03 22:27:09,274 PID:65938 /usr/local/lib/python3.5/dist-packages/mms/metric.py:start_recording:216 Metric MemoryAvailable for last 60 seconds is 733949.923503
[INFO 2018-07-03 22:27:09,275 PID:65938 /usr/local/lib/python3.5/dist-packages/mms/metric.py:start_recording:216 Metric MemoryUtilization for last 60 seconds is 0.500000
[INFO 2018-07-03 22:27:09,275 PID:65938 /usr/local/lib/python3.5/dist-packages/mms/metric.py:start_recording:216 Metric DiskAvailable for last 60 seconds is 31.405544
[INFO 2018-07-03 22:27:09,280 PID:65938 /usr/local/lib/python3.5/dist-packages/mms/metric.py:start_recording:216 Metric DiskUtilization for last 60 seconds is 35.100000
[INFO 2018-07-03 22:28:09,268 PID:65938 /usr/local/lib/python3.5/dist-packages/mms/metric.py:start_recording:216 Metric CPUUtilization for last 60 seconds is 0.000000
[INFO 2018-07-03 22:28:09,270 PID:65938 /usr/local/lib/python3.5/dist-packages/mms/metric.py:start_recording:216 Metric MemoryUsed for last 60 seconds is 2022.164714
[INFO 2018-07-03 22:28:09,273 PID:65938 /usr/local/lib/python3.5/dist-packages/mms/metric.py:start_recording:216 Metric DiskUsed for last 60 seconds is 16.986160
[INFO 2018-07-03 22:28:09,274 PID:65938 /usr/local/lib/python3.5/dist-packages/mms/metric.py:start_recording:216 Metric MemoryAvailable for last 60 seconds is 733950.510091
[INFO 2018-07-03 22:28:09,275 PID:65938 /usr/local/lib/python3.5/dist-packages/mms/metric.py:start_recording:216 Metric MemoryUtilization for last 60 seconds is 0.500000
[INFO 2018-07-03 22:28:09,276 PID:65938 /usr/local/lib/python3.5/dist-packages/mms/metric.py:start_recording:216 Metric DiskAvailable for last 60 seconds is 31.405540
[INFO 2018-07-03 22:28:09,280 PID:65938 /usr/local/lib/python3.5/dist-packages/mms/metric.py:start_recording:216 Metric DiskUtilization for last 60 seconds is 35.100000
[INFO 2018-07-03 22:29:09,269 PID:65938 /usr/local/lib/python3.5/dist-packages/mms/metric.py:start_recording:216 Metric CPUUtilization for last 60 seconds is 0.000000
[INFO 2018-07-03 22:29:09,271 PID:65938 /usr/local/lib/python3.5/dist-packages/mms/metric.py:start_recording:216 Metric MemoryUsed for last 60 seconds is 2022.018880
[INFO 2018-07-03 22:29:09,274 PID:65938 /usr/local/lib/python3.5/dist-packages/mms/metric.py:start_recording:216 Metric DiskUsed for last 60 seconds is 16.986160
[INFO 2018-07-03 22:29:09,275 PID:65938 /usr/local/lib/python3.5/dist-packages/mms/metric.py:start_recording:216 Metric MemoryAvailable for last 60 seconds is 733950.656901
[INFO 2018-07-03 22:29:09,275 PID:65938 /usr/local/lib/python3.5/dist-packages/mms/metric.py:start_recording:216 Metric MemoryUtilization for last 60 seconds is 0.500000
[INFO 2018-07-03 22:29:09,276 PID:65938 /usr/local/lib/python3.5/dist-packages/mms/metric.py:start_recording:216 Metric DiskAvailable for last 60 seconds is 31.405540
[INFO 2018-07-03 22:29:09,280 PID:65938 /usr/local/lib/python3.5/dist-packages/mms/metric.py:start_recording:216 Metric DiskUtilization for last 60 seconds is 35.100000
[INFO 2018-07-03 22:30:09,269 PID:65938 /usr/local/lib/python3.5/dist-packages/mms/metric.py:start_recording:216 Metric CPUUtilization for last 60 seconds is 0.000000
[INFO 2018-07-03 22:30:09,271 PID:65938 /usr/local/lib/python3.5/dist-packages/mms/metric.py:start_recording:216 Metric MemoryUsed for last 60 seconds is 2022.048828
[INFO 2018-07-03 22:30:09,274 PID:65938 /usr/local/lib/python3.5/dist-packages/mms/metric.py:start_recording:216 Metric DiskUsed for last 60 seconds is 16.986160
[INFO 2018-07-03 22:30:09,275 PID:65938 /usr/local/lib/python3.5/dist-packages/mms/metric.py:start_recording:216 Metric MemoryAvailable for last 60 seconds is 733950.626302
[INFO 2018-07-03 22:30:09,276 PID:65938 /usr/local/lib/python3.5/dist-packages/mms/metric.py:start_recording:216 Metric MemoryUtilization for last 60 seconds is 0.500000
[INFO 2018-07-03 22:30:09,277 PID:65938 /usr/local/lib/python3.5/dist-packages/mms/metric.py:start_recording:216 Metric DiskAvailable for last 60 seconds is 31.405540
[INFO 2018-07-03 22:30:09,281 PID:65938 /usr/local/lib/python3.5/dist-packages/mms/metric.py:start_recording:216 Metric DiskUtilization for last 60 seconds is 35.100000
[INFO 2018-07-03 22:31:09,270 PID:65938 /usr/local/lib/python3.5/dist-packages/mms/metric.py:start_recording:216 Metric CPUUtilization for last 60 seconds is 0.000000
[INFO 2018-07-03 22:31:09,272 PID:65938 /usr/local/lib/python3.5/dist-packages/mms/metric.py:start_recording:216 Metric MemoryUsed for last 60 seconds is 2022.171875
[INFO 2018-07-03 22:31:09,274 PID:65938 /usr/local/lib/python3.5/dist-packages/mms/metric.py:start_recording:216 Metric DiskUsed for last 60 seconds is 16.986164
[INFO 2018-07-03 22:31:09,276 PID:65938 /usr/local/lib/python3.5/dist-packages/mms/metric.py:start_recording:216 Metric MemoryAvailable for last 60 seconds is 733950.503581
[INFO 2018-07-03 22:31:09,276 PID:65938 /usr/local/lib/python3.5/dist-packages/mms/metric.py:start_recording:216 Metric MemoryUtilization for last 60 seconds is 0.500000
[INFO 2018-07-03 22:31:09,277 PID:65938 /usr/local/lib/python3.5/dist-packages/mms/metric.py:start_recording:216 Metric DiskAvailable for last 60 seconds is 31.405537
[INFO 2018-07-03 22:31:09,281 PID:65938 /usr/local/lib/python3.5/dist-packages/mms/metric.py:start_recording:216 Metric DiskUtilization for last 60 seconds is 35.100000
[INFO 2018-07-03 22:32:09,270 PID:65938 /usr/local/lib/python3.5/dist-packages/mms/metric.py:start_recording:216 Metric CPUUtilization for last 60 seconds is 0.000000
[INFO 2018-07-03 22:32:09,272 PID:65938 /usr/local/lib/python3.5/dist-packages/mms/metric.py:start_recording:216 Metric MemoryUsed for last 60 seconds is 2022.230469
[INFO 2018-07-03 22:32:09,275 PID:65938 /usr/local/lib/python3.5/dist-packages/mms/metric.py:start_recording:216 Metric DiskUsed for last 60 seconds is 16.986164
[INFO 2018-07-03 22:32:09,276 PID:65938 /usr/local/lib/python3.5/dist-packages/mms/metric.py:start_recording:216 Metric MemoryAvailable for last 60 seconds is 733950.445312
[INFO 2018-07-03 22:32:09,277 PID:65938 /usr/local/lib/python3.5/dist-packages/mms/metric.py:start_recording:216 Metric MemoryUtilization for last 60 seconds is 0.500000
[INFO 2018-07-03 22:32:09,278 PID:65938 /usr/local/lib/python3.5/dist-packages/mms/metric.py:start_recording:216 Metric DiskAvailable for last 60 seconds is 31.405537
[INFO 2018-07-03 22:32:09,282 PID:65938 /usr/local/lib/python3.5/dist-packages/mms/metric.py:start_recording:216 Metric DiskUtilization for last 60 seconds is 35.100000
[INFO 2018-07-03 22:33:09,271 PID:65938 /usr/local/lib/python3.5/dist-packages/mms/metric.py:start_recording:216 Metric CPUUtilization for last 60 seconds is 0.000000
[INFO 2018-07-03 22:33:09,273 PID:65938 /usr/local/lib/python3.5/dist-packages/mms/metric.py:start_recording:216 Metric MemoryUsed for last 60 seconds is 2024.875651
[INFO 2018-07-03 22:33:09,275 PID:65938 /usr/local/lib/python3.5/dist-packages/mms/metric.py:start_recording:216 Metric DiskUsed for last 60 seconds is 16.986164
[INFO 2018-07-03 22:33:09,276 PID:65938 /usr/local/lib/python3.5/dist-packages/mms/metric.py:start_recording:216 Metric MemoryAvailable for last 60 seconds is 733947.800130
[INFO 2018-07-03 22:33:09,277 PID:65938 /usr/local/lib/python3.5/dist-packages/mms/metric.py:start_recording:216 Metric MemoryUtilization for last 60 seconds is 0.500000
[INFO 2018-07-03 22:33:09,278 PID:65938 /usr/local/lib/python3.5/dist-packages/mms/metric.py:start_recording:216 Metric DiskAvailable for last 60 seconds is 31.405537
[INFO 2018-07-03 22:33:09,282 PID:65938 /usr/local/lib/python3.5/dist-packages/mms/metric.py:start_recording:216 Metric DiskUtilization for last 60 seconds is 35.100000
[INFO 2018-07-03 22:34:09,271 PID:65938 /usr/local/lib/python3.5/dist-packages/mms/metric.py:start_recording:216 Metric CPUUtilization for last 60 seconds is 0.000000
[INFO 2018-07-03 22:34:09,273 PID:65938 /usr/local/lib/python3.5/dist-packages/mms/metric.py:start_recording:216 Metric MemoryUsed for last 60 seconds is 2025.583659
[INFO 2018-07-03 22:34:09,276 PID:65938 /usr/local/lib/python3.5/dist-packages/mms/metric.py:start_recording:216 Metric DiskUsed for last 60 seconds is 16.986164
[INFO 2018-07-03 22:34:09,277 PID:65938 /usr/local/lib/python3.5/dist-packages/mms/metric.py:start_recording:216 Metric MemoryAvailable for last 60 seconds is 733947.092122
[INFO 2018-07-03 22:34:09,278 PID:65938 /usr/local/lib/python3.5/dist-packages/mms/metric.py:start_recording:216 Metric MemoryUtilization for last 60 seconds is 0.500000
[INFO 2018-07-03 22:34:09,279 PID:65938 /usr/local/lib/python3.5/dist-packages/mms/metric.py:start_recording:216 Metric DiskAvailable for last 60 seconds is 31.405537
[INFO 2018-07-03 22:34:09,283 PID:65938 /usr/local/lib/python3.5/dist-packages/mms/metric.py:start_recording:216 Metric DiskUtilization for last 60 seconds is 35.100000
[INFO 2018-07-03 22:35:09,272 PID:65938 /usr/local/lib/python3.5/dist-packages/mms/metric.py:start_recording:216 Metric CPUUtilization for last 60 seconds is 0.000000
[INFO 2018-07-03 22:35:09,273 PID:65938 /usr/local/lib/python3.5/dist-packages/mms/metric.py:start_recording:216 Metric MemoryUsed for last 60 seconds is 2023.671224
[INFO 2018-07-03 22:35:09,276 PID:65938 /usr/local/lib/python3.5/dist-packages/mms/metric.py:start_recording:216 Metric DiskUsed for last 60 seconds is 16.986168
[INFO 2018-07-03 22:35:09,277 PID:65938 /usr/local/lib/python3.5/dist-packages/mms/metric.py:start_recording:216 Metric MemoryAvailable for last 60 seconds is 733949.171224
[INFO 2018-07-03 22:35:09,278 PID:65938 /usr/local/lib/python3.5/dist-packages/mms/metric.py:start_recording:216 Metric MemoryUtilization for last 60 seconds is 0.500000
[INFO 2018-07-03 22:35:09,279 PID:65938 /usr/local/lib/python3.5/dist-packages/mms/metric.py:start_recording:216 Metric DiskAvailable for last 60 seconds is 31.405533
[INFO 2018-07-03 22:35:09,283 PID:65938 /usr/local/lib/python3.5/dist-packages/mms/metric.py:start_recording:216 Metric DiskUtilization for last 60 seconds is 35.100000
[INFO 2018-07-03 22:36:09,272 PID:65938 /usr/local/lib/python3.5/dist-packages/mms/metric.py:start_recording:216 Metric CPUUtilization for last 60 seconds is 0.000000
[INFO 2018-07-03 22:36:09,274 PID:65938 /usr/local/lib/python3.5/dist-packages/mms/metric.py:start_recording:216 Metric MemoryUsed for last 60 seconds is 2022.594401
[INFO 2018-07-03 22:36:09,277 PID:65938 /usr/local/lib/python3.5/dist-packages/mms/metric.py:start_recording:216 Metric DiskUsed for last 60 seconds is 16.986168
[INFO 2018-07-03 22:36:09,278 PID:65938 /usr/local/lib/python3.5/dist-packages/mms/metric.py:start_recording:216 Metric MemoryAvailable for last 60 seconds is 733950.080729
[INFO 2018-07-03 22:36:09,279 PID:65938 /usr/local/lib/python3.5/dist-packages/mms/metric.py:start_recording:216 Metric MemoryUtilization for last 60 seconds is 0.500000
[INFO 2018-07-03 22:36:09,280 PID:65938 /usr/local/lib/python3.5/dist-packages/mms/metric.py:start_recording:216 Metric DiskAvailable for last 60 seconds is 31.405533
[INFO 2018-07-03 22:36:09,284 PID:65938 /usr/local/lib/python3.5/dist-packages/mms/metric.py:start_recording:216 Metric DiskUtilization for last 60 seconds is 35.100000
[INFO 2018-07-03 22:37:09,273 PID:65938 /usr/local/lib/python3.5/dist-packages/mms/metric.py:start_recording:216 Metric CPUUtilization for last 60 seconds is 0.000000
[INFO 2018-07-03 22:37:09,274 PID:65938 /usr/local/lib/python3.5/dist-packages/mms/metric.py:start_recording:216 Metric MemoryUsed for last 60 seconds is 2022.789714
[INFO 2018-07-03 22:37:09,277 PID:65938 /usr/local/lib/python3.5/dist-packages/mms/metric.py:start_recording:216 Metric DiskUsed for last 60 seconds is 16.986168
[INFO 2018-07-03 22:37:09,278 PID:65938 /usr/local/lib/python3.5/dist-packages/mms/metric.py:start_recording:216 Metric MemoryAvailable for last 60 seconds is 733949.882812
[INFO 2018-07-03 22:37:09,279 PID:65938 /usr/local/lib/python3.5/dist-packages/mms/metric.py:start_recording:216 Metric MemoryUtilization for last 60 seconds is 0.500000
[INFO 2018-07-03 22:37:09,280 PID:65938 /usr/local/lib/python3.5/dist-packages/mms/metric.py:start_recording:216 Metric DiskAvailable for last 60 seconds is 31.405533
[INFO 2018-07-03 22:37:09,284 PID:65938 /usr/local/lib/python3.5/dist-packages/mms/metric.py:start_recording:216 Metric DiskUtilization for last 60 seconds is 35.100000
[INFO 2018-07-03 22:38:09,273 PID:65938 /usr/local/lib/python3.5/dist-packages/mms/metric.py:start_recording:216 Metric CPUUtilization for last 60 seconds is 0.000000
[INFO 2018-07-03 22:38:09,275 PID:65938 /usr/local/lib/python3.5/dist-packages/mms/metric.py:start_recording:216 Metric MemoryUsed for last 60 seconds is 2022.644857
[INFO 2018-07-03 22:38:09,278 PID:65938 /usr/local/lib/python3.5/dist-packages/mms/metric.py:start_recording:216 Metric DiskUsed for last 60 seconds is 16.986174
[INFO 2018-07-03 22:38:09,279 PID:65938 /usr/local/lib/python3.5/dist-packages/mms/metric.py:start_recording:216 Metric MemoryAvailable for last 60 seconds is 733950.030273
[INFO 2018-07-03 22:38:09,280 PID:65938 /usr/local/lib/python3.5/dist-packages/mms/metric.py:start_recording:216 Metric MemoryUtilization for last 60 seconds is 0.500000
[INFO 2018-07-03 22:38:09,281 PID:65938 /usr/local/lib/python3.5/dist-packages/mms/metric.py:start_recording:216 Metric DiskAvailable for last 60 seconds is 31.405527
[INFO 2018-07-03 22:38:09,285 PID:65938 /usr/local/lib/python3.5/dist-packages/mms/metric.py:start_recording:216 Metric DiskUtilization for last 60 seconds is 35.100000
[INFO 2018-07-03 22:39:09,274 PID:65938 /usr/local/lib/python3.5/dist-packages/mms/metric.py:start_recording:216 Metric CPUUtilization for last 60 seconds is 0.000000
[INFO 2018-07-03 22:39:09,275 PID:65938 /usr/local/lib/python3.5/dist-packages/mms/metric.py:start_recording:216 Metric MemoryUsed for last 60 seconds is 2022.633464
[INFO 2018-07-03 22:39:09,278 PID:65938 /usr/local/lib/python3.5/dist-packages/mms/metric.py:start_recording:216 Metric DiskUsed for last 60 seconds is 16.986176
[INFO 2018-07-03 22:39:09,279 PID:65938 /usr/local/lib/python3.5/dist-packages/mms/metric.py:start_recording:216 Metric MemoryAvailable for last 60 seconds is 733950.041667
[INFO 2018-07-03 22:39:09,280 PID:65938 /usr/local/lib/python3.5/dist-packages/mms/metric.py:start_recording:216 Metric MemoryUtilization for last 60 seconds is 0.500000
[INFO 2018-07-03 22:39:09,281 PID:65938 /usr/local/lib/python3.5/dist-packages/mms/metric.py:start_recording:216 Metric DiskAvailable for last 60 seconds is 31.405525
[INFO 2018-07-03 22:39:09,285 PID:65938 /usr/local/lib/python3.5/dist-packages/mms/metric.py:start_recording:216 Metric DiskUtilization for last 60 seconds is 35.100000
[INFO 2018-07-03 22:40:09,275 PID:65938 /usr/local/lib/python3.5/dist-packages/mms/metric.py:start_recording:216 Metric CPUUtilization for last 60 seconds is 0.000000
[INFO 2018-07-03 22:40:09,276 PID:65938 /usr/local/lib/python3.5/dist-packages/mms/metric.py:start_recording:216 Metric MemoryUsed for last 60 seconds is 2023.295573
[INFO 2018-07-03 22:40:09,279 PID:65938 /usr/local/lib/python3.5/dist-packages/mms/metric.py:start_recording:216 Metric DiskUsed for last 60 seconds is 16.986176
[INFO 2018-07-03 22:40:09,280 PID:65938 /usr/local/lib/python3.5/dist-packages/mms/metric.py:start_recording:216 Metric MemoryAvailable for last 60 seconds is 733949.379232
[INFO 2018-07-03 22:40:09,281 PID:65938 /usr/local/lib/python3.5/dist-packages/mms/metric.py:start_recording:216 Metric MemoryUtilization for last 60 seconds is 0.500000
[INFO 2018-07-03 22:40:09,282 PID:65938 /usr/local/lib/python3.5/dist-packages/mms/metric.py:start_recording:216 Metric DiskAvailable for last 60 seconds is 31.405525
[INFO 2018-07-03 22:40:09,286 PID:65938 /usr/local/lib/python3.5/dist-packages/mms/metric.py:start_recording:216 Metric DiskUtilization for last 60 seconds is 35.100000
[INFO 2018-07-03 22:41:09,275 PID:65938 /usr/local/lib/python3.5/dist-packages/mms/metric.py:start_recording:216 Metric CPUUtilization for last 60 seconds is 0.000000
[INFO 2018-07-03 22:41:09,276 PID:65938 /usr/local/lib/python3.5/dist-packages/mms/metric.py:start_recording:216 Metric MemoryUsed for last 60 seconds is 2023.643555
[INFO 2018-07-03 22:41:09,279 PID:65938 /usr/local/lib/python3.5/dist-packages/mms/metric.py:start_recording:216 Metric DiskUsed for last 60 seconds is 16.986176
[INFO 2018-07-03 22:41:09,280 PID:65938 /usr/local/lib/python3.5/dist-packages/mms/metric.py:start_recording:216 Metric MemoryAvailable for last 60 seconds is 733949.031901
[INFO 2018-07-03 22:41:09,281 PID:65938 /usr/local/lib/python3.5/dist-packages/mms/metric.py:start_recording:216 Metric MemoryUtilization for last 60 seconds is 0.500000
[INFO 2018-07-03 22:41:09,282 PID:65938 /usr/local/lib/python3.5/dist-packages/mms/metric.py:start_recording:216 Metric DiskAvailable for last 60 seconds is 31.405525
[INFO 2018-07-03 22:41:09,286 PID:65938 /usr/local/lib/python3.5/dist-packages/mms/metric.py:start_recording:216 Metric DiskUtilization for last 60 seconds is 35.100000
[INFO 2018-07-03 22:42:09,275 PID:65938 /usr/local/lib/python3.5/dist-packages/mms/metric.py:start_recording:216 Metric CPUUtilization for last 60 seconds is 0.000000
[INFO 2018-07-03 22:42:09,277 PID:65938 /usr/local/lib/python3.5/dist-packages/mms/metric.py:start_recording:216 Metric MemoryUsed for last 60 seconds is 2024.164062
[INFO 2018-07-03 22:42:09,280 PID:65938 /usr/local/lib/python3.5/dist-packages/mms/metric.py:start_recording:216 Metric DiskUsed for last 60 seconds is 16.986179
[INFO 2018-07-03 22:42:09,281 PID:65938 /usr/local/lib/python3.5/dist-packages/mms/metric.py:start_recording:216 Metric MemoryAvailable for last 60 seconds is 733948.511719
[INFO 2018-07-03 22:42:09,281 PID:65938 /usr/local/lib/python3.5/dist-packages/mms/metric.py:start_recording:216 Metric MemoryUtilization for last 60 seconds is 0.500000
[INFO 2018-07-03 22:42:09,283 PID:65938 /usr/local/lib/python3.5/dist-packages/mms/metric.py:start_recording:216 Metric DiskAvailable for last 60 seconds is 31.405521
[INFO 2018-07-03 22:42:09,287 PID:65938 /usr/local/lib/python3.5/dist-packages/mms/metric.py:start_recording:216 Metric DiskUtilization for last 60 seconds is 35.100000
[INFO 2018-07-03 22:43:09,276 PID:65938 /usr/local/lib/python3.5/dist-packages/mms/metric.py:start_recording:216 Metric CPUUtilization for last 60 seconds is 0.025000
[INFO 2018-07-03 22:43:09,277 PID:65938 /usr/local/lib/python3.5/dist-packages/mms/metric.py:start_recording:216 Metric MemoryUsed for last 60 seconds is 2028.819987
[INFO 2018-07-03 22:43:09,280 PID:65938 /usr/local/lib/python3.5/dist-packages/mms/metric.py:start_recording:216 Metric DiskUsed for last 60 seconds is 16.986192
[INFO 2018-07-03 22:43:09,281 PID:65938 /usr/local/lib/python3.5/dist-packages/mms/metric.py:start_recording:216 Metric MemoryAvailable for last 60 seconds is 733943.836263
[INFO 2018-07-03 22:43:09,282 PID:65938 /usr/local/lib/python3.5/dist-packages/mms/metric.py:start_recording:216 Metric MemoryUtilization for last 60 seconds is 0.500000
[INFO 2018-07-03 22:43:09,283 PID:65938 /usr/local/lib/python3.5/dist-packages/mms/metric.py:start_recording:216 Metric DiskAvailable for last 60 seconds is 31.405508
[INFO 2018-07-03 22:43:09,287 PID:65938 /usr/local/lib/python3.5/dist-packages/mms/metric.py:start_recording:216 Metric DiskUtilization for last 60 seconds is 35.100000
[INFO 2018-07-03 22:44:09,276 PID:65938 /usr/local/lib/python3.5/dist-packages/mms/metric.py:start_recording:216 Metric CPUUtilization for last 60 seconds is 0.000000
[INFO 2018-07-03 22:44:09,278 PID:65938 /usr/local/lib/python3.5/dist-packages/mms/metric.py:start_recording:216 Metric MemoryUsed for last 60 seconds is 2033.467122
[INFO 2018-07-03 22:44:09,281 PID:65938 /usr/local/lib/python3.5/dist-packages/mms/metric.py:start_recording:216 Metric DiskUsed for last 60 seconds is 16.986223
[INFO 2018-07-03 22:44:09,281 PID:65938 /usr/local/lib/python3.5/dist-packages/mms/metric.py:start_recording:216 Metric MemoryAvailable for last 60 seconds is 733939.160807
[INFO 2018-07-03 22:44:09,282 PID:65938 /usr/local/lib/python3.5/dist-packages/mms/metric.py:start_recording:216 Metric MemoryUtilization for last 60 seconds is 0.500000
[INFO 2018-07-03 22:44:09,283 PID:65938 /usr/local/lib/python3.5/dist-packages/mms/metric.py:start_recording:216 Metric DiskAvailable for last 60 seconds is 31.405478
[INFO 2018-07-03 22:44:09,287 PID:65938 /usr/local/lib/python3.5/dist-packages/mms/metric.py:start_recording:216 Metric DiskUtilization for last 60 seconds is 35.100000
[INFO 2018-07-03 22:45:09,277 PID:65938 /usr/local/lib/python3.5/dist-packages/mms/metric.py:start_recording:216 Metric CPUUtilization for last 60 seconds is 0.000000
[INFO 2018-07-03 22:45:09,278 PID:65938 /usr/local/lib/python3.5/dist-packages/mms/metric.py:start_recording:216 Metric MemoryUsed for last 60 seconds is 2032.631510
[INFO 2018-07-03 22:45:09,281 PID:65938 /usr/local/lib/python3.5/dist-packages/mms/metric.py:start_recording:216 Metric DiskUsed for last 60 seconds is 16.986226
[INFO 2018-07-03 22:45:09,282 PID:65938 /usr/local/lib/python3.5/dist-packages/mms/metric.py:start_recording:216 Metric MemoryAvailable for last 60 seconds is 733939.995768
[INFO 2018-07-03 22:45:09,283 PID:65938 /usr/local/lib/python3.5/dist-packages/mms/metric.py:start_recording:216 Metric MemoryUtilization for last 60 seconds is 0.500000
[INFO 2018-07-03 22:45:09,284 PID:65938 /usr/local/lib/python3.5/dist-packages/mms/metric.py:start_recording:216 Metric DiskAvailable for last 60 seconds is 31.405474
[INFO 2018-07-03 22:45:09,288 PID:65938 /usr/local/lib/python3.5/dist-packages/mms/metric.py:start_recording:216 Metric DiskUtilization for last 60 seconds is 35.100000
[INFO 2018-07-03 22:46:09,278 PID:65938 /usr/local/lib/python3.5/dist-packages/mms/metric.py:start_recording:216 Metric CPUUtilization for last 60 seconds is 0.016667
[INFO 2018-07-03 22:46:09,279 PID:65938 /usr/local/lib/python3.5/dist-packages/mms/metric.py:start_recording:216 Metric MemoryUsed for last 60 seconds is 2062.146484
[INFO 2018-07-03 22:46:09,281 PID:65938 /usr/local/lib/python3.5/dist-packages/mms/metric.py:start_recording:216 Metric DiskUsed for last 60 seconds is 16.986221
[INFO 2018-07-03 22:46:09,282 PID:65938 /usr/local/lib/python3.5/dist-packages/mms/metric.py:start_recording:216 Metric MemoryAvailable for last 60 seconds is 733910.478841
[INFO 2018-07-03 22:46:09,283 PID:65938 /usr/local/lib/python3.5/dist-packages/mms/metric.py:start_recording:216 Metric MemoryUtilization for last 60 seconds is 0.500000
[INFO 2018-07-03 22:46:09,284 PID:65938 /usr/local/lib/python3.5/dist-packages/mms/metric.py:start_recording:216 Metric DiskAvailable for last 60 seconds is 31.405479
[INFO 2018-07-03 22:46:09,288 PID:65938 /usr/local/lib/python3.5/dist-packages/mms/metric.py:start_recording:216 Metric DiskUtilization for last 60 seconds is 35.100000
[INFO 2018-07-03 22:47:09,278 PID:65938 /usr/local/lib/python3.5/dist-packages/mms/metric.py:start_recording:216 Metric CPUUtilization for last 60 seconds is 0.000000
[INFO 2018-07-03 22:47:09,280 PID:65938 /usr/local/lib/python3.5/dist-packages/mms/metric.py:start_recording:216 Metric MemoryUsed for last 60 seconds is 2070.059896
[INFO 2018-07-03 22:47:09,282 PID:65938 /usr/local/lib/python3.5/dist-packages/mms/metric.py:start_recording:216 Metric DiskUsed for last 60 seconds is 16.986221
[INFO 2018-07-03 22:47:09,283 PID:65938 /usr/local/lib/python3.5/dist-packages/mms/metric.py:start_recording:216 Metric MemoryAvailable for last 60 seconds is 733902.565104
[INFO 2018-07-03 22:47:09,284 PID:65938 /usr/local/lib/python3.5/dist-packages/mms/metric.py:start_recording:216 Metric MemoryUtilization for last 60 seconds is 0.500000
[INFO 2018-07-03 22:47:09,285 PID:65938 /usr/local/lib/python3.5/dist-packages/mms/metric.py:start_recording:216 Metric DiskAvailable for last 60 seconds is 31.405479
[INFO 2018-07-03 22:47:09,289 PID:65938 /usr/local/lib/python3.5/dist-packages/mms/metric.py:start_recording:216 Metric DiskUtilization for last 60 seconds is 35.100000
[INFO 2018-07-03 22:48:09,279 PID:65938 /usr/local/lib/python3.5/dist-packages/mms/metric.py:start_recording:216 Metric CPUUtilization for last 60 seconds is 0.000000
[INFO 2018-07-03 22:48:09,281 PID:65938 /usr/local/lib/python3.5/dist-packages/mms/metric.py:start_recording:216 Metric MemoryUsed for last 60 seconds is 2071.339193
[INFO 2018-07-03 22:48:09,282 PID:65938 /usr/local/lib/python3.5/dist-packages/mms/metric.py:start_recording:216 Metric DiskUsed for last 60 seconds is 16.986221
[INFO 2018-07-03 22:48:09,284 PID:65938 /usr/local/lib/python3.5/dist-packages/mms/metric.py:start_recording:216 Metric MemoryAvailable for last 60 seconds is 733901.285807
[INFO 2018-07-03 22:48:09,284 PID:65938 /usr/local/lib/python3.5/dist-packages/mms/metric.py:start_recording:216 Metric MemoryUtilization for last 60 seconds is 0.500000
[INFO 2018-07-03 22:48:09,285 PID:65938 /usr/local/lib/python3.5/dist-packages/mms/metric.py:start_recording:216 Metric DiskAvailable for last 60 seconds is 31.405479
[INFO 2018-07-03 22:48:09,289 PID:65938 /usr/local/lib/python3.5/dist-packages/mms/metric.py:start_recording:216 Metric DiskUtilization for last 60 seconds is 35.100000
[INFO 2018-07-03 22:49:09,279 PID:65938 /usr/local/lib/python3.5/dist-packages/mms/metric.py:start_recording:216 Metric CPUUtilization for last 60 seconds is 0.000000
[INFO 2018-07-03 22:49:09,281 PID:65938 /usr/local/lib/python3.5/dist-packages/mms/metric.py:start_recording:216 Metric MemoryUsed for last 60 seconds is 2076.541992
[INFO 2018-07-03 22:49:09,283 PID:65938 /usr/local/lib/python3.5/dist-packages/mms/metric.py:start_recording:216 Metric DiskUsed for last 60 seconds is 16.986225
[INFO 2018-07-03 22:49:09,284 PID:65938 /usr/local/lib/python3.5/dist-packages/mms/metric.py:start_recording:216 Metric MemoryAvailable for last 60 seconds is 733896.080729
[INFO 2018-07-03 22:49:09,285 PID:65938 /usr/local/lib/python3.5/dist-packages/mms/metric.py:start_recording:216 Metric MemoryUtilization for last 60 seconds is 0.500000
[INFO 2018-07-03 22:49:09,286 PID:65938 /usr/local/lib/python3.5/dist-packages/mms/metric.py:start_recording:216 Metric DiskAvailable for last 60 seconds is 31.405476
[INFO 2018-07-03 22:49:09,290 PID:65938 /usr/local/lib/python3.5/dist-packages/mms/metric.py:start_recording:216 Metric DiskUtilization for last 60 seconds is 35.100000
